<?xml version="1.0" encoding="UTF-8"?>
<!-- Generated by org.testng.reporters.JUnitXMLReporter -->
<testsuite ignored="8" hostname="Naveen" failures="0" tests="1" name="Default test" time="4.773" errors="0" timestamp="2023-11-20T01:46:35 IST">
  <testcase classname="com.tutorialNinja.qa.TestCase.Login" name="verifyLoginWithInvalidCredentials" time="1.216"/>
  <testcase classname="com.tutorialNinja.qa.TestCase.Login" name="verifyLoginWithEmptyFields" time="0.0">
    <ignored/>
  </testcase> <!-- verifyLoginWithEmptyFields -->
  <testcase classname="com.tutorialNinja.qa.TestCase.Login" name="verifyLoginWithValidCredentials" time="0.0">
    <ignored/>
  </testcase> <!-- verifyLoginWithValidCredentials -->
  <testcase classname="com.tutorialNinja.qa.TestCase.Login" name="verifyLoggingoutFromTheApplicationAndBrowsingBackUsingBrowserBackButton" time="0.0">
    <ignored/>
  </testcase> <!-- verifyLoggingoutFromTheApplicationAndBrowsingBackUsingBrowserBackButton -->
  <testcase classname="com.tutorialNinja.qa.TestCase.Login" name="verifyThePlaceHolderInEmailAndPasswordField" time="0.0">
    <ignored/>
  </testcase> <!-- verifyThePlaceHolderInEmailAndPasswordField -->
  <testcase classname="com.tutorialNinja.qa.TestCase.Login" name="verifyForgotPassowrdWorkProperly" time="0.0">
    <ignored/>
  </testcase> <!-- verifyForgotPassowrdWorkProperly -->
  <testcase classname="com.tutorialNinja.qa.TestCase.Login" name="verifyLoginWithInvalidEmail" time="0.0">
    <ignored/>
  </testcase> <!-- verifyLoginWithInvalidEmail -->
  <testcase classname="com.tutorialNinja.qa.TestCase.Login" name="verifyThatUserShouldLoginWithKeyboard" time="0.0">
    <ignored/>
  </testcase> <!-- verifyThatUserShouldLoginWithKeyboard -->
  <testcase classname="com.tutorialNinja.qa.TestCase.Login" name="verifyLoginWithInvalidPassword" time="0.0">
    <ignored/>
  </testcase> <!-- verifyLoginWithInvalidPassword -->
</testsuite> <!-- Default test -->
